<?xml version="1.0" encoding="UTF-8"?>
<!-- Generated by org.testng.reporters.JUnitXMLReporter -->
<testsuite ignored="0" hostname="Abhinav-PC" failures="0" tests="4" name="Browser Test1" time="0.184" errors="0" timestamp="2022-02-02T16:05:31 IST">
  <testcase classname="TestCases.ParameterTest" name="login_TestCase" time="0.011"/>
  <testcase classname="TestCases.ParameterTest" name="login_TestCase" time="0.004"/>
  <testcase classname="TestCases.ParameterTest" name="search_TestCase3" time="0.006"/>
  <testcase classname="TestCases.ParameterTest" name="search_TestCase3" time="0.01"/>
</testsuite> <!-- Browser Test1 -->
