<?xml version="1.0" encoding="UTF-8"?>
<!-- Generated by org.testng.reporters.JUnitXMLReporter -->
<testsuite hostname="Abhinav-PC" ignored="0" name="Test Tag2" tests="6" failures="0" timestamp="2020-04-19T17:37:13 IST" time="0.047" errors="0">
  <testcase name="testexample2" time="0.003" classname="TestCases.ExampleTest"/>
  <testcase name="testexample3" time="0.003" classname="TestCases.ExampleTest"/>
  <testcase name="testexample4" time="0.005" classname="TestCases.ExampleTest"/>
  <testcase name="testexample5" time="0.002" classname="TestCases.ExampleTest"/>
  <testcase name="testexample6" time="0.003" classname="TestCases.ExampleTest"/>
  <testcase name="testexample1" time="0.002" classname="TestCases.ExampleTest"/>
</testsuite> <!-- Test Tag2 -->
