<?xml version="1.0" encoding="UTF-8"?>
<!-- Generated by org.testng.reporters.JUnitXMLReporter -->
<testsuite hostname="Abhinav-PC" ignored="0" name="test Tag1" tests="6" failures="0" timestamp="2020-04-19T17:37:13 IST" time="0.467" errors="0">
  <testcase name="testexample2" time="0.034" classname="TestCases.ExmapleTest2"/>
  <testcase name="testexample3" time="0.003" classname="TestCases.ExmapleTest2"/>
  <testcase name="testexample4" time="0.244" classname="TestCases.ExmapleTest2"/>
  <testcase name="testexample5" time="0.003" classname="TestCases.ExmapleTest2"/>
  <testcase name="testexample6" time="0.01" classname="TestCases.ExmapleTest2"/>
  <testcase name="testexample1" time="0.002" classname="TestCases.ExmapleTest2"/>
</testsuite> <!-- test Tag1 -->
